#
# A fatal error has been detected by the Java Runtime Environment:
#
#  EXCEPTION_ACCESS_VIOLATION (0xc0000005) at pc=0x000000006e16ef1e, pid=124676, tid=0x00000000000056d8
#
# JRE version: Java(TM) SE Runtime Environment (8.0_112-b15) (build 1.8.0_112-b15)
# Java VM: Java HotSpot(TM) 64-Bit Server VM (25.112-b15 mixed mode windows-amd64 compressed oops)
# Problematic frame:
# V  [jvm.dll+0x44ef1e]
#
# Failed to write core dump. Minidumps are not enabled by default on client versions of Windows
#
# If you would like to submit a bug report, please visit:
#   http://bugreport.java.com/bugreport/crash.jsp
#

---------------  T H R E A D  ---------------

Current thread (0x0000000018f84000):  JavaThread "C1 CompilerThread2" daemon [_thread_in_native, id=22232, stack(0x00000000198e0000,0x00000000199e0000)]

siginfo: ExceptionCode=0xc0000005, reading address 0x0000000000000018

Registers:
RAX=0x0000000020644d80, RBX=0x0000000020644fa0, RCX=0xffffffffffffffff, RDX=0x0000000000000008
RSP=0x00000000199de810, RBP=0x00000000ffffffff, RSI=0x0000000000000000, RDI=0x0000000020644c90
R8 =0x0000000000000000, R9 =0x0000000000000002, R10=0x0000000018f87050, R11=0x00000000199de750
R12=0x00000000ffffffff, R13=0x0000000000000000, R14=0x000000002063bec0, R15=0x0000000000000000
RIP=0x000000006e16ef1e, EFLAGS=0x0000000000010286

Top of Stack: (sp=0x00000000199de810)
0x00000000199de810:   0000000020644fa0 0000000000000001
0x00000000199de820:   0000000018f87050 0000000018f84000
0x00000000199de830:   000000002063be00 00000000199dedf0
0x00000000199de840:   000000002063bf70 000000006e13c259
0x00000000199de850:   00000000000000b8 000000002063bec0
0x00000000199de860:   000000006e37f800 0000000018f7d660
0x00000000199de870:   0000000020644e30 00000000fffffffc
0x00000000199de880:   000000002063bba0 0000000000000000
0x00000000199de890:   000000002063bec0 0000000000000000
0x00000000199de8a0:   000000001cf23460 0000000000000000
0x00000000199de8b0:   000000002063bec0 0000000000000000
0x00000000199de8c0:   000000002063c010 000000002063bec0
0x00000000199de8d0:   0000000000000001 0000000020644100
0x00000000199de8e0:   0000000000000000 00000000000000b8
0x00000000199de8f0:   00000000199dedf0 0000000000000000
0x00000000199de900:   00000000199de980 000000006e13eb17 

Instructions: (pc=0x000000006e16ef1e)
0x000000006e16eefe:   3b 67 30 7d 57 4c 89 6c 24 40 4c 89 74 24 48 0f
0x000000006e16ef0e:   1f 00 48 8b 47 38 48 63 33 48 63 cd 4c 8b 2c c8
0x000000006e16ef1e:   49 8b 45 18 03 68 08 3b 73 10 7c 14 4c 8d 4b 10
0x000000006e16ef2e:   44 8b c6 ba 08 00 00 00 48 8b cb e8 22 4b e2 ff 


Register to memory mapping:

RAX=0x0000000020644d80 is an unknown value
RBX=0x0000000020644fa0 is an unknown value
RCX=0xffffffffffffffff is an unknown value
RDX=0x0000000000000008 is an unknown value
RSP=0x00000000199de810 is pointing into the stack for thread: 0x0000000018f84000
RBP=0x00000000ffffffff is an unknown value
RSI=0x0000000000000000 is an unknown value
RDI=0x0000000020644c90 is an unknown value
R8 =0x0000000000000000 is an unknown value
R9 =0x0000000000000002 is an unknown value
R10=0x0000000018f87050 is an unknown value
R11=0x00000000199de750 is pointing into the stack for thread: 0x0000000018f84000
R12=0x00000000ffffffff is an unknown value
R13=0x0000000000000000 is an unknown value
R14=0x000000002063bec0 is an unknown value
R15=0x0000000000000000 is an unknown value


Stack: [0x00000000198e0000,0x00000000199e0000],  sp=0x00000000199de810,  free space=1018k
Native frames: (J=compiled Java code, j=interpreted, Vv=VM code, C=native code)
V  [jvm.dll+0x44ef1e]
V  [jvm.dll+0x41c259]
V  [jvm.dll+0x41eb17]
V  [jvm.dll+0x41f2db]
V  [jvm.dll+0x4201d6]
V  [jvm.dll+0x420438]
V  [jvm.dll+0x41c12b]
V  [jvm.dll+0x41eb17]
V  [jvm.dll+0x41f40d]
V  [jvm.dll+0x41f802]
V  [jvm.dll+0x4248d5]
V  [jvm.dll+0x4249e0]
V  [jvm.dll+0x40e298]
V  [jvm.dll+0x40e501]
V  [jvm.dll+0x40e6c2]
V  [jvm.dll+0x40e891]
V  [jvm.dll+0x40ea9f]
V  [jvm.dll+0xa5932]
V  [jvm.dll+0xa626f]
V  [jvm.dll+0x244b1f]
V  [jvm.dll+0x29c36a]
C  [msvcr100.dll+0x21d9f]
C  [msvcr100.dll+0x21e3b]
C  [KERNEL32.DLL+0x11fe4]
C  [ntdll.dll+0x6efc1]


Current CompileTask:
C1:3898418 12450       1       diplom.User$$DQqh1AtT::__execute (5251 bytes)


---------------  P R O C E S S  ---------------

Java Threads: ( => current thread )
  0x000000001fd30000 JavaThread "diplom.Role.data" daemon [_thread_blocked, id=126668, stack(0x0000000022ed0000,0x0000000022fd0000)]
  0x000000001fd27000 JavaThread "net.sf.ehcache.CacheManager@63551b1b" daemon [_thread_blocked, id=101688, stack(0x0000000022dd0000,0x0000000022ed0000)]
  0x000000001fd2b800 JavaThread "http-nio-8080-exec-10" daemon [_thread_blocked, id=118080, stack(0x00000000225d0000,0x00000000226d0000)]
  0x000000001fd26000 JavaThread "http-nio-8080-exec-9" daemon [_thread_blocked, id=126400, stack(0x00000000224d0000,0x00000000225d0000)]
  0x000000001fd2a800 JavaThread "http-nio-8080-exec-8" daemon [_thread_blocked, id=125352, stack(0x00000000223d0000,0x00000000224d0000)]
  0x000000001fd23000 JavaThread "http-nio-8080-exec-7" daemon [_thread_blocked, id=114120, stack(0x00000000222d0000,0x00000000223d0000)]
  0x000000001fd25800 JavaThread "http-nio-8080-exec-6" daemon [_thread_blocked, id=124740, stack(0x00000000221d0000,0x00000000222d0000)]
  0x000000001fd24800 JavaThread "http-nio-8080-exec-5" daemon [_thread_blocked, id=122000, stack(0x00000000220d0000,0x00000000221d0000)]
  0x000000001fd2a000 JavaThread "http-nio-8080-exec-4" daemon [_thread_blocked, id=114132, stack(0x0000000021fd0000,0x00000000220d0000)]
  0x000000001fd28800 JavaThread "http-nio-8080-exec-3" daemon [_thread_blocked, id=125376, stack(0x0000000021ed0000,0x0000000021fd0000)]
  0x000000001fd24000 JavaThread "http-nio-8080-exec-2" daemon [_thread_blocked, id=123656, stack(0x0000000021dd0000,0x0000000021ed0000)]
  0x000000001fd29000 JavaThread "http-nio-8080-exec-1" daemon [_thread_in_Java, id=10996, stack(0x0000000021cd0000,0x0000000021dd0000)]
  0x000000001fd27800 JavaThread "DestroyJavaVM" [_thread_blocked, id=89052, stack(0x0000000004fb0000,0x00000000050b0000)]
  0x000000001fd8d000 JavaThread "Thread-13" daemon [_thread_blocked, id=124012, stack(0x0000000021bd0000,0x0000000021cd0000)]
  0x000000001fd8b800 JavaThread "Thread-15" [_thread_blocked, id=110264, stack(0x0000000021ad0000,0x0000000021bd0000)]
  0x000000001fd8a800 JavaThread "Thread-14" daemon [_thread_in_native, id=120972, stack(0x00000000219d0000,0x0000000021ad0000)]
  0x000000001fd88800 JavaThread "http-nio-8080-Acceptor-0" daemon [_thread_in_native, id=115256, stack(0x00000000218d0000,0x00000000219d0000)]
  0x000000001fd8a000 JavaThread "http-nio-8080-ClientPoller-1" daemon [_thread_in_native, id=59308, stack(0x00000000217d0000,0x00000000218d0000)]
  0x000000001fd8c000 JavaThread "http-nio-8080-ClientPoller-0" daemon [_thread_in_native, id=36972, stack(0x00000000216d0000,0x00000000217d0000)]
  0x000000001fd87800 JavaThread "NioBlockingSelector.BlockPoller-1" daemon [_thread_in_native, id=109424, stack(0x00000000215d0000,0x00000000216d0000)]
  0x000000001fd89000 JavaThread "threadPoolExecutor-4" daemon [_thread_blocked, id=116228, stack(0x00000000214d0000,0x00000000215d0000)]
  0x000000001fd87000 JavaThread "threadPoolExecutor-3" daemon [_thread_blocked, id=99360, stack(0x00000000213d0000,0x00000000214d0000)]
  0x000000001fd8d800 JavaThread "threadPoolExecutor-2" daemon [_thread_blocked, id=125236, stack(0x00000000212d0000,0x00000000213d0000)]
  0x000000001ca91000 JavaThread "threadPoolExecutor-1" daemon [_thread_blocked, id=112668, stack(0x000000001f900000,0x000000001fa00000)]
  0x00000000191a7000 JavaThread "container-0" [_thread_blocked, id=125140, stack(0x000000001f200000,0x000000001f300000)]
  0x000000001a727000 JavaThread "ContainerBackgroundProcessor[StandardEngine[Tomcat].StandardHost[localhost].StandardContext[]]" daemon [_thread_blocked, id=123264, stack(0x000000001f100000,0x000000001f200000)]
  0x000000001d19e800 JavaThread "PoolCleaner[414493378:1525079618196]" daemon [_thread_blocked, id=113776, stack(0x000000001df00000,0x000000001e000000)]
  0x00000000191e7000 JavaThread "FileSystemWatcher: files=#77 cl=sun.misc.Launcher$AppClassLoader@18b4aac2" daemon [_thread_blocked, id=109924, stack(0x0000000019be0000,0x0000000019ce0000)]
  0x0000000018fef800 JavaThread "Service Thread" daemon [_thread_blocked, id=125600, stack(0x00000000199e0000,0x0000000019ae0000)]
=>0x0000000018f84000 JavaThread "C1 CompilerThread2" daemon [_thread_in_native, id=22232, stack(0x00000000198e0000,0x00000000199e0000)]
  0x0000000018f83000 JavaThread "C2 CompilerThread1" daemon [_thread_blocked, id=120644, stack(0x00000000197e0000,0x00000000198e0000)]
  0x0000000018f82800 JavaThread "C2 CompilerThread0" daemon [_thread_blocked, id=121464, stack(0x00000000196e0000,0x00000000197e0000)]
  0x0000000018f6c000 JavaThread "JDWP Command Reader" daemon [_thread_in_native, id=117744, stack(0x00000000195e0000,0x00000000196e0000)]
  0x0000000018f50000 JavaThread "JDWP Event Helper Thread" daemon [_thread_blocked, id=123504, stack(0x00000000194e0000,0x00000000195e0000)]
  0x0000000018f42800 JavaThread "JDWP Transport Listener: dt_socket" daemon [_thread_blocked, id=107260, stack(0x00000000193e0000,0x00000000194e0000)]
  0x000000001717c000 JavaThread "Attach Listener" daemon [_thread_blocked, id=121328, stack(0x00000000186e0000,0x00000000187e0000)]
  0x0000000017186800 JavaThread "Signal Dispatcher" daemon [_thread_blocked, id=125756, stack(0x00000000185e0000,0x00000000186e0000)]
  0x0000000017165000 JavaThread "Finalizer" daemon [_thread_blocked, id=105200, stack(0x00000000183f0000,0x00000000184f0000)]
  0x000000000524e000 JavaThread "Reference Handler" daemon [_thread_blocked, id=105224, stack(0x00000000182f0000,0x00000000183f0000)]

Other Threads:
  0x0000000017137800 VMThread [stack: 0x00000000181f0000,0x00000000182f0000] [id=121276]
  0x0000000018ff4800 WatcherThread [stack: 0x0000000019ae0000,0x0000000019be0000] [id=111968]

VM state:not at safepoint (normal execution)

VM Mutex/Monitor currently owned by a thread: None

Heap:
 PSYoungGen      total 201216K, used 172603K [0x00000000f0000000, 0x0000000100000000, 0x0000000100000000)
  eden space 141312K, 98% used [0x00000000f0000000,0x00000000f87947d0,0x00000000f8a00000)
  from space 59904K, 56% used [0x00000000f8a00000,0x00000000faafa4b0,0x00000000fc480000)
  to   space 57856K, 0% used [0x00000000fc780000,0x00000000fc780000,0x0000000100000000)
 ParOldGen       total 524288K, used 112072K [0x00000000d0000000, 0x00000000f0000000, 0x00000000f0000000)
  object space 524288K, 21% used [0x00000000d0000000,0x00000000d6d721d0,0x00000000f0000000)
 Metaspace       used 78356K, capacity 83112K, committed 83200K, reserved 1122304K
  class space    used 9991K, capacity 11216K, committed 11264K, reserved 1048576K

Card table byte_map: [0x00000000147c0000,0x0000000014950000] byte_map_base: 0x0000000014140000

Marking Bits: (ParMarkBitMap*) 0x000000006e53a6d0
 Begin Bits: [0x0000000014e50000, 0x0000000015a50000)
 End Bits:   [0x0000000015a50000, 0x0000000016650000)

Polling page: 0x0000000004f70000

CodeCache: size=245760Kb used=27301Kb max_used=27301Kb free=218458Kb
 bounds [0x0000000005400000, 0x0000000006ec0000, 0x0000000014400000]
 total_blobs=12940 nmethods=12131 adapters=726
 compilation: enabled

Compilation events (10 events):
Event: 3897.715 Thread 0x0000000018f84000 nmethod 12445 0x0000000006eb1110 code [0x0000000006eb1260, 0x0000000006eb1370]
Event: 3897.717 Thread 0x0000000018f84000 12446       1       org.grails.datastore.gorm.AbstractDatastoreApi::getProperty (12 bytes)
Event: 3897.717 Thread 0x0000000018f84000 nmethod 12446 0x0000000006eb13d0 code [0x0000000006eb1540, 0x0000000006eb16f8]
Event: 3897.720 Thread 0x0000000018f84000 12447       1       org.h2.jdbc.JdbcConnection::prepareCommand (22 bytes)
Event: 3897.720 Thread 0x0000000018f84000 nmethod 12447 0x0000000006eb17d0 code [0x0000000006eb1940, 0x0000000006eb1aa8]
Event: 3897.721 Thread 0x0000000018f84000 12448       1       org.grails.buffer.StreamCharBuffer::setNotifyParentBuffersEnabled (26 bytes)
Event: 3897.721 Thread 0x0000000018f84000 nmethod 12448 0x0000000006eb1b50 code [0x0000000006eb1ca0, 0x0000000006eb1e08]
Event: 3897.721 Thread 0x0000000018f84000 12449       1       groovy.lang.Binding::<init> (5 bytes)
Event: 3897.721 Thread 0x0000000018f84000 nmethod 12449 0x0000000006eb1e90 code [0x0000000006eb2000, 0x0000000006eb2178]
Event: 3897.742 Thread 0x0000000018f84000 12450       1       diplom.User$$DQqh1AtT::__execute (5251 bytes)

GC Heap History (10 events):
Event: 3381.587 GC heap before
{Heap before GC invocations=38 (full 3):
 PSYoungGen      total 203776K, used 186925K [0x00000000f0000000, 0x0000000100000000, 0x0000000100000000)
  eden space 148480K, 99% used [0x00000000f0000000,0x00000000f90b6f38,0x00000000f9100000)
  from space 55296K, 70% used [0x00000000fca00000,0x00000000fefd47f0,0x0000000100000000)
  to   space 56832K, 0% used [0x00000000f9100000,0x00000000f9100000,0x00000000fc880000)
 ParOldGen       total 524288K, used 106343K [0x00000000d0000000, 0x00000000f0000000, 0x00000000f0000000)
  object space 524288K, 20% used [0x00000000d0000000,0x00000000d67d9cd8,0x00000000f0000000)
 Metaspace       used 78041K, capacity 82480K, committed 82560K, reserved 1120256K
  class space    used 9925K, capacity 11112K, committed 11136K, reserved 1048576K
Event: 3381.625 GC heap after
Heap after GC invocations=38 (full 3):
 PSYoungGen      total 189440K, used 42373K [0x00000000f0000000, 0x0000000100000000, 0x0000000100000000)
  eden space 146944K, 0% used [0x00000000f0000000,0x00000000f0000000,0x00000000f8f80000)
  from space 42496K, 99% used [0x00000000f9100000,0x00000000fba61708,0x00000000fba80000)
  to   space 59392K, 0% used [0x00000000fc600000,0x00000000fc600000,0x0000000100000000)
 ParOldGen       total 524288K, used 106351K [0x00000000d0000000, 0x00000000f0000000, 0x00000000f0000000)
  object space 524288K, 20% used [0x00000000d0000000,0x00000000d67dbcd8,0x00000000f0000000)
 Metaspace       used 78041K, capacity 82480K, committed 82560K, reserved 1120256K
  class space    used 9925K, capacity 11112K, committed 11136K, reserved 1048576K
}
Event: 3562.988 GC heap before
{Heap before GC invocations=39 (full 3):
 PSYoungGen      total 189440K, used 189166K [0x00000000f0000000, 0x0000000100000000, 0x0000000100000000)
  eden space 146944K, 99% used [0x00000000f0000000,0x00000000f8f5a340,0x00000000f8f80000)
  from space 42496K, 99% used [0x00000000f9100000,0x00000000fba61708,0x00000000fba80000)
  to   space 59392K, 0% used [0x00000000fc600000,0x00000000fc600000,0x0000000100000000)
 ParOldGen       total 524288K, used 106351K [0x00000000d0000000, 0x00000000f0000000, 0x00000000f0000000)
  object space 524288K, 20% used [0x00000000d0000000,0x00000000d67dbcd8,0x00000000f0000000)
 Metaspace       used 78106K, capacity 82666K, committed 82944K, reserved 1120256K
  class space    used 9942K, capacity 11143K, committed 11264K, reserved 1048576K
Event: 3563.021 GC heap after
Heap after GC invocations=39 (full 3):
 PSYoungGen      total 199680K, used 41274K [0x00000000f0000000, 0x0000000100000000, 0x0000000100000000)
  eden space 140288K, 0% used [0x00000000f0000000,0x00000000f0000000,0x00000000f8900000)
  from space 59392K, 69% used [0x00000000fc600000,0x00000000fee4eb38,0x0000000100000000)
  to   space 60928K, 0% used [0x00000000f8900000,0x00000000f8900000,0x00000000fc480000)
 ParOldGen       total 524288K, used 106359K [0x00000000d0000000, 0x00000000f0000000, 0x00000000f0000000)
  object space 524288K, 20% used [0x00000000d0000000,0x00000000d67ddcd8,0x00000000f0000000)
 Metaspace       used 78106K, capacity 82666K, committed 82944K, reserved 1120256K
  class space    used 9942K, capacity 11143K, committed 11264K, reserved 1048576K
}
Event: 3625.246 GC heap before
{Heap before GC invocations=40 (full 3):
 PSYoungGen      total 199680K, used 180644K [0x00000000f0000000, 0x0000000100000000, 0x0000000100000000)
  eden space 140288K, 99% used [0x00000000f0000000,0x00000000f881a7d8,0x00000000f8900000)
  from space 59392K, 69% used [0x00000000fc600000,0x00000000fee4eb38,0x0000000100000000)
  to   space 60928K, 0% used [0x00000000f8900000,0x00000000f8900000,0x00000000fc480000)
 ParOldGen       total 524288K, used 106359K [0x00000000d0000000, 0x00000000f0000000, 0x00000000f0000000)
  object space 524288K, 20% used [0x00000000d0000000,0x00000000d67ddcd8,0x00000000f0000000)
 Metaspace       used 78216K, capacity 82916K, committed 83200K, reserved 1122304K
  class space    used 9959K, capacity 11174K, committed 11264K, reserved 1048576K
Event: 3625.274 GC heap after
Heap after GC invocations=40 (full 3):
 PSYoungGen      total 201216K, used 39352K [0x00000000f0000000, 0x0000000100000000, 0x0000000100000000)
  eden space 140288K, 0% used [0x00000000f0000000,0x00000000f0000000,0x00000000f8900000)
  from space 60928K, 64% used [0x00000000f8900000,0x00000000faf6e360,0x00000000fc480000)
  to   space 60928K, 0% used [0x00000000fc480000,0x00000000fc480000,0x0000000100000000)
 ParOldGen       total 524288K, used 106367K [0x00000000d0000000, 0x00000000f0000000, 0x00000000f0000000)
  object space 524288K, 20% used [0x00000000d0000000,0x00000000d67dfcd8,0x00000000f0000000)
 Metaspace       used 78216K, capacity 82916K, committed 83200K, reserved 1122304K
  class space    used 9959K, capacity 11174K, committed 11264K, reserved 1048576K
}
Event: 3687.322 GC heap before
{Heap before GC invocations=41 (full 3):
 PSYoungGen      total 201216K, used 179276K [0x00000000f0000000, 0x0000000100000000, 0x0000000100000000)
  eden space 140288K, 99% used [0x00000000f0000000,0x00000000f88a5080,0x00000000f8900000)
  from space 60928K, 64% used [0x00000000f8900000,0x00000000faf6e360,0x00000000fc480000)
  to   space 60928K, 0% used [0x00000000fc480000,0x00000000fc480000,0x0000000100000000)
 ParOldGen       total 524288K, used 106367K [0x00000000d0000000, 0x00000000f0000000, 0x00000000f0000000)
  object space 524288K, 20% used [0x00000000d0000000,0x00000000d67dfcd8,0x00000000f0000000)
 Metaspace       used 78353K, capacity 83112K, committed 83200K, reserved 1122304K
  class space    used 9990K, capacity 11216K, committed 11264K, reserved 1048576K
Event: 3687.348 GC heap after
Heap after GC invocations=41 (full 3):
 PSYoungGen      total 202240K, used 36106K [0x00000000f0000000, 0x0000000100000000, 0x0000000100000000)
  eden space 141312K, 0% used [0x00000000f0000000,0x00000000f0000000,0x00000000f8a00000)
  from space 60928K, 59% used [0x00000000fc480000,0x00000000fe7c2ac8,0x0000000100000000)
  to   space 59904K, 0% used [0x00000000f8a00000,0x00000000f8a00000,0x00000000fc480000)
 ParOldGen       total 524288K, used 110216K [0x00000000d0000000, 0x00000000f0000000, 0x00000000f0000000)
  object space 524288K, 21% used [0x00000000d0000000,0x00000000d6ba21d0,0x00000000f0000000)
 Metaspace       used 78353K, capacity 83112K, committed 83200K, reserved 1122304K
  class space    used 9990K, capacity 11216K, committed 11264K, reserved 1048576K
}
Event: 3713.114 GC heap before
{Heap before GC invocations=42 (full 3):
 PSYoungGen      total 202240K, used 177414K [0x00000000f0000000, 0x0000000100000000, 0x0000000100000000)
  eden space 141312K, 99% used [0x00000000f0000000,0x00000000f89ff030,0x00000000f8a00000)
  from space 60928K, 59% used [0x00000000fc480000,0x00000000fe7c2ac8,0x0000000100000000)
  to   space 59904K, 0% used [0x00000000f8a00000,0x00000000f8a00000,0x00000000fc480000)
 ParOldGen       total 524288K, used 110216K [0x00000000d0000000, 0x00000000f0000000, 0x00000000f0000000)
  object space 524288K, 21% used [0x00000000d0000000,0x00000000d6ba21d0,0x00000000f0000000)
 Metaspace       used 78356K, capacity 83112K, committed 83200K, reserved 1122304K
  class space    used 9991K, capacity 11216K, committed 11264K, reserved 1048576K
Event: 3713.138 GC heap after
Heap after GC invocations=42 (full 3):
 PSYoungGen      total 201216K, used 33769K [0x00000000f0000000, 0x0000000100000000, 0x0000000100000000)
  eden space 141312K, 0% used [0x00000000f0000000,0x00000000f0000000,0x00000000f8a00000)
  from space 59904K, 56% used [0x00000000f8a00000,0x00000000faafa4b0,0x00000000fc480000)
  to   space 57856K, 0% used [0x00000000fc780000,0x00000000fc780000,0x0000000100000000)
 ParOldGen       total 524288K, used 112072K [0x00000000d0000000, 0x00000000f0000000, 0x00000000f0000000)
  object space 524288K, 21% used [0x00000000d0000000,0x00000000d6d721d0,0x00000000f0000000)
 Metaspace       used 78356K, capacity 83112K, committed 83200K, reserved 1122304K
  class space    used 9991K, capacity 11216K, committed 11264K, reserved 1048576K
}

Deoptimization events (0 events):
No events

Internal exceptions (10 events):
Event: 1152.537 Thread 0x000000001fd8b800 Exception <a 'java/lang/ArrayIndexOutOfBoundsException'> (0x00000000f915b1e0) thrown at [C:\re\workspace\8-2-build-windows-amd64-cygwin\jdk8u112\7884\hotspot\src\share\vm\runtime\sharedRuntime.cpp, line 605]
Event: 1152.538 Thread 0x000000001fd8b800 Exception <a 'java/lang/ArrayIndexOutOfBoundsException'> (0x00000000f915e620) thrown at [C:\re\workspace\8-2-build-windows-amd64-cygwin\jdk8u112\7884\hotspot\src\share\vm\runtime\sharedRuntime.cpp, line 605]
Event: 1152.539 Thread 0x000000001fd8b800 Exception <a 'java/lang/ArrayIndexOutOfBoundsException'> (0x00000000f91727a8) thrown at [C:\re\workspace\8-2-build-windows-amd64-cygwin\jdk8u112\7884\hotspot\src\share\vm\runtime\sharedRuntime.cpp, line 605]
Event: 1152.539 Thread 0x000000001fd8b800 Exception <a 'java/lang/ArrayIndexOutOfBoundsException'> (0x00000000f9174e58) thrown at [C:\re\workspace\8-2-build-windows-amd64-cygwin\jdk8u112\7884\hotspot\src\share\vm\runtime\sharedRuntime.cpp, line 605]
Event: 1152.539 Thread 0x000000001fd8b800 Exception <a 'java/lang/ArrayIndexOutOfBoundsException'> (0x00000000f9176540) thrown at [C:\re\workspace\8-2-build-windows-amd64-cygwin\jdk8u112\7884\hotspot\src\share\vm\runtime\sharedRuntime.cpp, line 605]
Event: 1152.539 Thread 0x000000001fd8b800 Exception <a 'java/lang/ArrayIndexOutOfBoundsException'> (0x00000000f9178b38) thrown at [C:\re\workspace\8-2-build-windows-amd64-cygwin\jdk8u112\7884\hotspot\src\share\vm\runtime\sharedRuntime.cpp, line 605]
Event: 3188.690 Thread 0x000000001fd25800 Exception <a 'java/lang/ClassNotFoundException': C__Users_sdoro_IdeaProjects_diplom_grails_app_views_news_index_gspBeanInfo> (0x00000000f2ece600) thrown at [C:\re\workspace\8-2-build-windows-amd64-cygwin\jdk8u112\7884\hotspot\src\share\vm\classfile\system
Event: 3188.693 Thread 0x000000001fd25800 Exception <a 'java/lang/ClassNotFoundException': C__Users_sdoro_IdeaProjects_diplom_grails_app_views_news_index_gspCustomizer> (0x00000000f2f3c930) thrown at [C:\re\workspace\8-2-build-windows-amd64-cygwin\jdk8u112\7884\hotspot\src\share\vm\classfile\syst
Event: 3686.301 Thread 0x000000001fd29000 Exception <a 'java/lang/ClassNotFoundException': C__Users_sdoro_IdeaProjects_diplom_grails_app_views_layouts_main_gspBeanInfo> (0x00000000f5a95cc0) thrown at [C:\re\workspace\8-2-build-windows-amd64-cygwin\jdk8u112\7884\hotspot\src\share\vm\classfile\syst
Event: 3686.304 Thread 0x000000001fd29000 Exception <a 'java/lang/ClassNotFoundException': C__Users_sdoro_IdeaProjects_diplom_grails_app_views_layouts_main_gspCustomizer> (0x00000000f5b05a48) thrown at [C:\re\workspace\8-2-build-windows-amd64-cygwin\jdk8u112\7884\hotspot\src\share\vm\classfile\sy

Events (10 events):
Event: 3715.327 Thread 0x000000001fd24000 DEOPT PACKING pc=0x0000000006e8533c sp=0x0000000021ec79d0
Event: 3715.327 Thread 0x000000001fd24000 DEOPT UNPACKING pc=0x000000000544787f sp=0x0000000021ec7720 mode 1
Event: 3897.722 Thread 0x000000001fd29000 DEOPT PACKING pc=0x0000000005653c2c sp=0x0000000021dc63c0
Event: 3897.722 Thread 0x000000001fd29000 DEOPT UNPACKING pc=0x000000000544787f sp=0x0000000021dc61f0 mode 1
Event: 3897.722 Thread 0x000000001fd29000 DEOPT PACKING pc=0x0000000005acd944 sp=0x0000000021dc6570
Event: 3897.722 Thread 0x000000001fd29000 DEOPT UNPACKING pc=0x000000000544787f sp=0x0000000021dc6248 mode 1
Event: 3897.723 Thread 0x000000001fd29000 DEOPT PACKING pc=0x0000000005653c2c sp=0x0000000021dc63c0
Event: 3897.723 Thread 0x000000001fd29000 DEOPT UNPACKING pc=0x000000000544787f sp=0x0000000021dc61f0 mode 1
Event: 3897.723 Thread 0x000000001fd29000 DEOPT PACKING pc=0x0000000005acd944 sp=0x0000000021dc6570
Event: 3897.723 Thread 0x000000001fd29000 DEOPT UNPACKING pc=0x000000000544787f sp=0x0000000021dc6248 mode 1


Dynamic libraries:
0x00007ff6b5150000 - 0x00007ff6b5187000 	C:\Program Files\Java\jdk1.8.0_112\bin\java.exe
0x00007ff80f740000 - 0x00007ff80f920000 	C:\WINDOWS\SYSTEM32\ntdll.dll
0x00007ff80e940000 - 0x00007ff80e9ee000 	C:\WINDOWS\System32\KERNEL32.DLL
0x00007ff80beb0000 - 0x00007ff80c116000 	C:\WINDOWS\System32\KERNELBASE.dll
0x00007ff80ece0000 - 0x00007ff80ed81000 	C:\WINDOWS\System32\ADVAPI32.dll
0x00007ff80ccc0000 - 0x00007ff80cd5d000 	C:\WINDOWS\System32\msvcrt.dll
0x00007ff80cc60000 - 0x00007ff80ccbb000 	C:\WINDOWS\System32\sechost.dll
0x00007ff80f2b0000 - 0x00007ff80f3cf000 	C:\WINDOWS\System32\RPCRT4.dll
0x00007ff80d080000 - 0x00007ff80d20f000 	C:\WINDOWS\System32\USER32.dll
0x00007ff80cbf0000 - 0x00007ff80cc10000 	C:\WINDOWS\System32\win32u.dll
0x00007ff80f3d0000 - 0x00007ff80f3f8000 	C:\WINDOWS\System32\GDI32.dll
0x00007ff80bcc0000 - 0x00007ff80be53000 	C:\WINDOWS\System32\gdi32full.dll
0x00007ff80c8d0000 - 0x00007ff80c96b000 	C:\WINDOWS\System32\msvcp_win.dll
0x00007ff80bb40000 - 0x00007ff80bc36000 	C:\WINDOWS\System32\ucrtbase.dll
0x00007ffffa4a0000 - 0x00007ffffa709000 	C:\WINDOWS\WinSxS\amd64_microsoft.windows.common-controls_6595b64144ccf1df_6.0.16299.309_none_15cfd4c4935e6b11\COMCTL32.dll
0x00007ff80f400000 - 0x00007ff80f708000 	C:\WINDOWS\System32\combase.dll
0x00007ff80bc40000 - 0x00007ff80bcb2000 	C:\WINDOWS\System32\bcryptPrimitives.dll
0x00007ff80cc30000 - 0x00007ff80cc5d000 	C:\WINDOWS\System32\IMM32.DLL
0x00007fffe1fe0000 - 0x00007fffe208f000 	C:\Program Files\McAfee\Endpoint Security\Threat Prevention\Ips\EpMPApi.dll
0x00007ff80c870000 - 0x00007ff80c8c8000 	C:\WINDOWS\System32\WINTRUST.dll
0x00007ff80bab0000 - 0x00007ff80bac2000 	C:\WINDOWS\System32\MSASN1.dll
0x00007ff80c970000 - 0x00007ff80cb3e000 	C:\WINDOWS\System32\CRYPT32.dll
0x000000006ffa0000 - 0x000000006ffac000 	C:\Program Files\McAfee\Endpoint Security\Threat Prevention\Ips\EpMPThe.dll
0x0000000071780000 - 0x0000000071852000 	C:\Program Files\Java\jdk1.8.0_112\jre\bin\msvcr100.dll
0x000000006dd20000 - 0x000000006e5ba000 	C:\Program Files\Java\jdk1.8.0_112\jre\bin\server\jvm.dll
0x00007ff80d310000 - 0x00007ff80d318000 	C:\WINDOWS\System32\PSAPI.DLL
0x00007ffff74f0000 - 0x00007ffff74f9000 	C:\WINDOWS\SYSTEM32\WSOCK32.dll
0x00007ff809ee0000 - 0x00007ff809f03000 	C:\WINDOWS\SYSTEM32\WINMM.dll
0x00007ffffc4b0000 - 0x00007ffffc4ba000 	C:\WINDOWS\SYSTEM32\VERSION.dll
0x00007ff80edf0000 - 0x00007ff80ee5c000 	C:\WINDOWS\System32\WS2_32.dll
0x00007ff809e80000 - 0x00007ff809eaa000 	C:\WINDOWS\SYSTEM32\winmmbase.dll
0x00007ff80be60000 - 0x00007ff80beaa000 	C:\WINDOWS\System32\cfgmgr32.dll
0x0000000071770000 - 0x000000007177f000 	C:\Program Files\Java\jdk1.8.0_112\jre\bin\verify.dll
0x0000000071740000 - 0x0000000071769000 	C:\Program Files\Java\jdk1.8.0_112\jre\bin\java.dll
0x000000006ff60000 - 0x000000006ff95000 	C:\Program Files\Java\jdk1.8.0_112\jre\bin\jdwp.dll
0x000000006ea80000 - 0x000000006eaa3000 	C:\Program Files\Java\jdk1.8.0_112\jre\bin\instrument.dll
0x000000006ff50000 - 0x000000006ff58000 	C:\Program Files\Java\jdk1.8.0_112\jre\bin\npt.dll
0x0000000071720000 - 0x0000000071736000 	C:\Program Files\Java\jdk1.8.0_112\jre\bin\zip.dll
0x00007ff80d500000 - 0x00007ff80e936000 	C:\WINDOWS\System32\SHELL32.dll
0x00007ff80cfd0000 - 0x00007ff80d076000 	C:\WINDOWS\System32\shcore.dll
0x00007ff80c120000 - 0x00007ff80c867000 	C:\WINDOWS\System32\windows.storage.dll
0x00007ff80ed90000 - 0x00007ff80ede1000 	C:\WINDOWS\System32\shlwapi.dll
0x00007ff80bb20000 - 0x00007ff80bb31000 	C:\WINDOWS\System32\kernel.appcore.dll
0x00007ff80bad0000 - 0x00007ff80bb1c000 	C:\WINDOWS\System32\powrprof.dll
0x00007ff80ba90000 - 0x00007ff80baab000 	C:\WINDOWS\System32\profapi.dll
0x000000006fd00000 - 0x000000006fd09000 	C:\Program Files\Java\jdk1.8.0_112\jre\bin\dt_socket.dll
0x00007ff80b320000 - 0x00007ff80b386000 	C:\WINDOWS\system32\mswsock.dll
0x0000000071670000 - 0x000000007168a000 	C:\Program Files\Java\jdk1.8.0_112\jre\bin\net.dll
0x00007ffff7550000 - 0x00007ffff7566000 	C:\WINDOWS\system32\napinsp.dll
0x00007ffff7530000 - 0x00007ffff754a000 	C:\WINDOWS\system32\pnrpnsp.dll
0x00007ff808810000 - 0x00007ff808828000 	C:\WINDOWS\system32\NLAapi.dll
0x00007ff80b0f0000 - 0x00007ff80b1a6000 	C:\WINDOWS\SYSTEM32\DNSAPI.dll
0x00007ff80d300000 - 0x00007ff80d308000 	C:\WINDOWS\System32\NSI.dll
0x00007ff80b0b0000 - 0x00007ff80b0e9000 	C:\WINDOWS\SYSTEM32\IPHLPAPI.DLL
0x00007ffff7520000 - 0x00007ffff752e000 	C:\WINDOWS\System32\winrnr.dll
0x00007ff802c10000 - 0x00007ff802c1a000 	C:\Windows\System32\rasadhlp.dll
0x00007ff808220000 - 0x00007ff808290000 	C:\WINDOWS\System32\fwpuclnt.dll
0x00007ff80b5f0000 - 0x00007ff80b615000 	C:\WINDOWS\SYSTEM32\bcrypt.dll
0x000000006ea50000 - 0x000000006ea5d000 	C:\Program Files\Java\jdk1.8.0_112\jre\bin\management.dll
0x0000000070870000 - 0x0000000070881000 	C:\Program Files\Java\jdk1.8.0_112\jre\bin\nio.dll
0x00007ff80b4e0000 - 0x00007ff80b4f7000 	C:\WINDOWS\SYSTEM32\CRYPTSP.dll
0x00007ff80aec0000 - 0x00007ff80aef3000 	C:\WINDOWS\system32\rsaenh.dll
0x00007ff80b9c0000 - 0x00007ff80b9e9000 	C:\WINDOWS\SYSTEM32\USERENV.dll
0x00007ff80b500000 - 0x00007ff80b50b000 	C:\WINDOWS\SYSTEM32\CRYPTBASE.dll
0x00007ff8075a0000 - 0x00007ff8075b6000 	C:\WINDOWS\SYSTEM32\dhcpcsvc6.DLL
0x00007ff807580000 - 0x00007ff80759a000 	C:\WINDOWS\SYSTEM32\dhcpcsvc.DLL
0x00007ffffc020000 - 0x00007ffffc1e8000 	C:\WINDOWS\SYSTEM32\dbghelp.dll

VM Arguments:
jvm_args: -Dendpoints.shutdown.enabled=true -Denv=development -Dfull.stacktrace=false -Dgrails.env=development -Dgrails.full.stacktrace=false -Dinfo.app.grailsVersion=3.0.17 -Dinfo.app.name=diplom -Dinfo.app.version=0.1 -Djdk.reflect.allowGetCallerClass=true -Drun.active=true -Dspringloaded=inclusions=grails.plugins..*;synchronize=true;allowSplitPackages=true;cacheDir=C:\Users\sdoro\IdeaProjects\diplom\build\springloaded -Dverbose=false -XX:+TieredCompilation -XX:TieredStopAtLevel=1 -XX:CICompilerCount=3 -javaagent:C:\Users\sdoro\.gradle\caches\modules-2\files-2.1\org.springframework\springloaded\1.2.6.RELEASE\df364cd5f36ae9a01ac4e73ecd138daa735fbbc8\springloaded-1.2.6.RELEASE.jar -Xverify:none -Xms768m -Xmx768m -Dfile.encoding=UTF-8 -Duser.country=US -Duser.language=en -Duser.variant -Xdebug -Xrunjdwp:transport=dt_socket,server=y,suspend=y,address=5005 
java_command: diplom.Application
java_class_path (initial): C:\Users\sdoro\IdeaProjects\diplom\src\main\resources;C:\Users\sdoro\IdeaProjects\diplom\grails-app\views;C:\Users\sdoro\IdeaProjects\diplom\grails-app\i18n;C:\Users\sdoro\IdeaProjects\diplom\grails-app\conf;C:\Users\sdoro\IdeaProjects\diplom\grails-app\migrations;C:\Users\sdoro\IdeaProjects\diplom\build\classes\main;C:\Users\sdoro\IdeaProjects\diplom\build\resources\main;C:\Users\sdoro\IdeaProjects\diplom\gsp-classes;C:\Users\sdoro\.gradle\caches\modules-2\files-2.1\org.springframework.boot\spring-boot-starter-logging\1.2.7.RELEASE\5da2dd7325c5b812cc11681279c9ab0bc766e9c7\spring-boot-starter-logging-1.2.7.RELEASE.jar;C:\Users\sdoro\.gradle\caches\modules-2\files-2.1\org.springframework.boot\spring-boot-starter-actuator\1.2.7.RELEASE\2f3ab8809a7d525ff060fbe6cbbff546386cd122\spring-boot-starter-actuator-1.2.7.RELEASE.jar;C:\Users\sdoro\.gradle\caches\modules-2\files-2.1\org.springframework.boot\spring-boot-autoconfigure\1.2.7.RELEASE\5920116bb45bcb0f8006eb48d0f9279c94ed47d7\spring-boot-autoconfigure-1.2.7.RELEASE.jar;C:\Users\sdoro\.gradle\caches\modules-2\files-2.1\org.springframework.boot\spring-boot-starter-tomcat\1.2.7.RELEASE\98229baad7ab207a98c2cce5987b0d34b44dabe7\spring-boot-starter-tomcat-1.2.7.RELEASE.jar;C:\Users\sdoro\.gradle\caches\modules-2\files-2.1\org.grails\grails-web-boot\3.0.17\4b7fe35912b22c02ec35f386bfd5df43368759a6\grails-web-boot-3.0.17.jar;C:\Users\sdoro\.gradle\caches\modules-2\files-2.1\org.grails.plugins\hibernate\4.3.10.7\252ea1ce72206ed6b4bf61f28eb3595152f0248c\hibernate-4.3.10.7.jar;C:\Users\sdoro\.gradle\caches\modules-2\files-2.1\org.grails.plugins\cache\3.0.2\519bc1bffb2afa10c93b92e872d49a5238e96558\cache-3.0.2.jar;C:\Users\sdoro\.gradle\caches\modules-2\files-2.1\org.hibernate\hibernate-ehcache\4.3.11.Final\cea0e6aba102c00cf899bd547c338fcf54468433\hibernate-ehcache-4.3.11.Final.jar;C:\Users\sdoro\.gradle\caches\modules-2\files-2.1\org.grails.plugins\scaffolding\3.1.3\1a482e8d9d3ebb648f6b4f734109ef18d53cc
Launcher Type: SUN_STANDARD

Environment Variables:
PATH=C:\ProgramData\Oracle\Java\javapath;C:\WINDOWS\system32;C:\WINDOWS;C:\WINDOWS\System32\Wbem;C:\WINDOWS\System32\WindowsPowerShell\v1.0\;C:\Program Files\TortoiseHg\;C:\Program Files\Git\cmd;C:\grails-3.0.17\bin;C:\Program Files\Microsoft SQL Server\120\DTS\Binn\;C:\Program Files\Microsoft SQL Server\Client SDK\ODBC\110\Tools\Binn\;C:\Program Files (x86)\Microsoft SQL Server\120\Tools\Binn\;C:\Program Files\Microsoft SQL Server\120\Tools\Binn\;C:\Program Files (x86)\Microsoft SQL Server\120\Tools\Binn\ManagementStudio\;C:\Program Files (x86)\Microsoft SQL Server\120\DTS\Binn\;C:\Program Files (x86)\Microsoft SQL Server\130\DTS\Binn\;C:\Program Files\Microsoft SQL Server\130\DTS\Binn\;C:\Program Files\Microsoft SQL Server\Client SDK\ODBC\130\Tools\Binn\;C:\Program Files (x86)\Microsoft SQL Server\130\Tools\Binn\;C:\Program Files\Microsoft SQL Server\130\Tools\Binn\;C:\Program Files (x86)\nodejs\;C:\Users\sdoro\AppData\Local\Microsoft\WindowsApps;C:\Users\sdoro\AppData\Roaming\npm
USERNAME=sdoro
OS=Windows_NT
PROCESSOR_IDENTIFIER=Intel64 Family 6 Model 94 Stepping 3, GenuineIntel



---------------  S Y S T E M  ---------------

OS: Windows 10.0 , 64 bit Build 16299 (10.0.16299.15)

CPU:total 4 (4 cores per cpu, 1 threads per core) family 6 model 94 stepping 3, cmov, cx8, fxsr, mmx, sse, sse2, sse3, ssse3, sse4.1, sse4.2, popcnt, avx, avx2, aes, clmul, erms, 3dnowpref, lzcnt, tsc, tscinvbit, bmi1, bmi2, adx

Memory: 4k page, physical 16657668k(3993912k free), swap 22271496k(4132100k free)

vm_info: Java HotSpot(TM) 64-Bit Server VM (25.112-b15) for windows-amd64 JRE (1.8.0_112-b15), built on Sep 22 2016 21:31:56 by "java_re" with MS VC++ 10.0 (VS2010)

time: Mon Apr 30 13:18:21 2018
elapsed time: 3897 seconds (0d 1h 4m 57s)

